<?xml version="1.0" encoding="UTF-8"?>
<!-- Generated by org.testng.reporters.JUnitReportReporter -->
<testsuite skipped="0" hostname="DESKTOP-VE62NKE" name="grid.Node1" tests="1" failures="0" timestamp="2020-11-05T15:47:33 IST" time="15.873" errors="0">
  <testcase name="f" time="15.873" classname="grid.Node1"/>
  <system-out/>
</testsuite> <!-- grid.Node1 -->
