<?xml version="1.0" encoding="UTF-8"?>
<!-- Generated by org.testng.reporters.JUnitReportReporter -->
<testsuite skipped="0" hostname="DESKTOP-VE62NKE" name="grid.Node2" tests="1" failures="0" timestamp="2020-11-05T15:47:33 IST" time="11.791" errors="0">
  <testcase name="f" time="11.791" classname="grid.Node2"/>
  <system-out/>
</testsuite> <!-- grid.Node2 -->
